<?xml version="1.0" encoding="UTF-8"?>
<!-- Generated by org.testng.reporters.JUnitReportReporter -->
<testsuite hostname="DESKTOP-41II4I8" failures="0" tests="1" name="Test.TestSign" time="25.625" errors="0" timestamp="2022-04-28T17:38:54 IST" skipped="0">
  <testcase classname="Test.TestSign" name="loginacc" time="25.625"/>
  <system-out/>
</testsuite> <!-- Test.TestSign -->
