<?xml version="1.0" encoding="UTF-8"?>
<!-- Generated by org.testng.reporters.JUnitReportReporter -->
<testsuite hostname="DESKTOP-41II4I8" failures="0" tests="1" name="Test.BuySellTest" time="26.958" errors="0" timestamp="2022-04-27T16:54:26 IST" skipped="0">
  <testcase classname="Test.BuySellTest" name="Loginwdvalidcredential" time="26.958"/>
  <system-out/>
</testsuite> <!-- Test.BuySellTest -->
